::1 - GET / HTTP/1.1 404 139 - 4.767 ms
::1 - GET /api-docs/ HTTP/1.1 304 - - 4.389 ms
::1 - GET /api-docs/swagger-ui-init.js HTTP/1.1 200 15456 - 0.440 ms
::1 - GET /api-docs/swagger-ui.css HTTP/1.1 200 152082 - 7.244 ms
::1 - GET /api-docs/swagger-ui-standalone-preset.js HTTP/1.1 200 230640 - 6.621 ms
::1 - GET /api-docs/swagger-ui-bundle.js HTTP/1.1 200 1398526 - 7.739 ms
::1 - GET /api-docs/favicon-32x32.png HTTP/1.1 200 628 - 0.767 ms
::1 - GET /api-docs/ HTTP/1.1 304 - - 5.944 ms
::1 - GET /api-docs/swagger-ui.css HTTP/1.1 304 - - 3.035 ms
::1 - GET /api-docs/swagger-ui-init.js HTTP/1.1 200 16773 - 0.497 ms
::1 - GET /api-docs/swagger-ui-bundle.js HTTP/1.1 304 - - 4.918 ms
::1 - GET /api-docs/swagger-ui-standalone-preset.js HTTP/1.1 304 - - 3.473 ms
::1 - POST /nas-packet-disconnect/ HTTP/1.1 404 162 - 16.400 ms
::1 - GET /api-docs/ HTTP/1.1 304 - - 12.217 ms
::1 - GET /api-docs/swagger-ui.css HTTP/1.1 200 152082 - 6.731 ms
::1 - GET /api-docs/swagger-ui-standalone-preset.js HTTP/1.1 200 230640 - 6.259 ms
::1 - GET /api-docs/swagger-ui-bundle.js HTTP/1.1 200 1398526 - 6.812 ms
::1 - GET /api-docs/swagger-ui-init.js HTTP/1.1 200 16773 - 0.437 ms
::1 - POST /nas-disconnect-request/ HTTP/1.1 500 1219 - 14.989 ms
::1 - POST /nas-disconnect-request/ HTTP/1.1 500 1216 - 15.649 ms
::1 - POST /nas-disconnect-request/ HTTP/1.1 500 1223 - 16.780 ms
::1 - POST /nas-disconnect-request/ HTTP/1.1 500 1223 - 15.558 ms
::1 - POST /nas-disconnect-request/ HTTP/1.1 500 1258 - 15.951 ms
::1 - POST /nas-disconnect-request/ HTTP/1.1 500 1236 - 16.292 ms
::1 - POST /nas-disconnect-request/ HTTP/1.1 500 1258 - 15.263 ms
::1 - GET /api-docs/ HTTP/1.1 304 - - 10.706 ms
::1 - GET /api-docs/swagger-ui.css HTTP/1.1 304 - - 3.239 ms
::1 - GET /api-docs/swagger-ui-bundle.js HTTP/1.1 304 - - 2.262 ms
::1 - GET /api-docs/swagger-ui-standalone-preset.js HTTP/1.1 304 - - 2.017 ms
::1 - GET /api-docs/swagger-ui-init.js HTTP/1.1 200 16638 - 0.639 ms
::1 - GET /api-docs/ HTTP/1.1 304 - - 9.234 ms
::1 - GET /api-docs/swagger-ui.css HTTP/1.1 304 - - 3.003 ms
::1 - GET /api-docs/swagger-ui-bundle.js HTTP/1.1 304 - - 2.687 ms
::1 - GET /api-docs/swagger-ui-standalone-preset.js HTTP/1.1 304 - - 2.719 ms
::1 - GET /api-docs/swagger-ui-init.js HTTP/1.1 200 16638 - 0.878 ms
::1 - GET /api-docs/ HTTP/1.1 304 - - 5.555 ms
::1 - GET /api-docs/swagger-ui.css HTTP/1.1 304 - - 2.441 ms
::1 - GET /api-docs/swagger-ui-bundle.js HTTP/1.1 304 - - 2.219 ms
::1 - GET /api-docs/swagger-ui-init.js HTTP/1.1 200 16702 - 0.783 ms
::1 - GET /api-docs/swagger-ui-standalone-preset.js HTTP/1.1 304 - - 3.278 ms
::1 - GET /api-docs/favicon-32x32.png HTTP/1.1 304 - - 0.533 ms
::1 - GET /api-docs/ HTTP/1.1 304 - - 5.947 ms
::1 - GET /api-docs/swagger-ui.css HTTP/1.1 304 - - 2.380 ms
::1 - GET /api-docs/swagger-ui-bundle.js HTTP/1.1 304 - - 0.961 ms
::1 - GET /api-docs/swagger-ui-init.js HTTP/1.1 304 - - 0.605 ms
::1 - GET /api-docs/swagger-ui-standalone-preset.js HTTP/1.1 304 - - 2.412 ms
::1 - GET /api-docs/favicon-32x32.png HTTP/1.1 304 - - 0.669 ms
::1 - GET /nas-all/ HTTP/1.1 500 21 - 72.134 ms
::1 - GET /nas-all/ HTTP/1.1 500 21 - 4.879 ms
::1 - GET /nas-all/ HTTP/1.1 500 21 - 29.191 ms
::1 - GET /api-docs/ HTTP/1.1 304 - - 4.012 ms
::1 - GET /api-docs/swagger-ui.css HTTP/1.1 304 - - 4.211 ms
::1 - GET /api-docs/swagger-ui-bundle.js HTTP/1.1 304 - - 3.622 ms
::1 - GET /api-docs/swagger-ui-init.js HTTP/1.1 304 - - 0.420 ms
::1 - GET /api-docs/swagger-ui-standalone-preset.js HTTP/1.1 304 - - 4.756 ms
::1 - GET /api-docs/favicon-32x32.png HTTP/1.1 304 - - 0.523 ms
::1 - GET /user-all/ HTTP/1.1 200 40687 - 29.203 ms
::1 - GET /api-docs/ HTTP/1.1 304 - - 6.318 ms
::1 - GET /api-docs/swagger-ui-init.js HTTP/1.1 304 - - 0.288 ms
::1 - GET /api-docs/swagger-ui.css HTTP/1.1 200 152082 - 7.569 ms
::1 - GET /api-docs/swagger-ui-standalone-preset.js HTTP/1.1 200 230640 - 4.974 ms
::1 - GET /api-docs/swagger-ui-bundle.js HTTP/1.1 200 1398526 - 7.500 ms
::1 - GET /api-docs/favicon-32x32.png HTTP/1.1 200 628 - 0.831 ms
::1 - GET /get-online-users/ HTTP/1.1 304 - - 24.088 ms
::1 - POST /nas-disconnect-request/ HTTP/1.1 500 21 - 18.331 ms
::1 - GET /api-docs/ HTTP/1.1 304 - - 4.152 ms
::1 - POST /nas-disconnect-request/ HTTP/1.1 - - - - ms
::1 - GET /api-docs/swagger-ui.css HTTP/1.1 304 - - 3.485 ms
::1 - GET /api-docs/swagger-ui-bundle.js HTTP/1.1 304 - - 3.665 ms
::1 - GET /api-docs/swagger-ui-standalone-preset.js HTTP/1.1 304 - - 1.058 ms
::1 - GET /api-docs/swagger-ui-init.js HTTP/1.1 304 - - 0.366 ms
::1 - GET /api-docs/favicon-32x32.png HTTP/1.1 304 - - 0.560 ms
::1 - GET /api-docs/ HTTP/1.1 304 - - 1.013 ms
::1 - POST /nas-disconnect-request/ HTTP/1.1 - - - - ms
::1 - GET /api-docs/swagger-ui.css HTTP/1.1 304 - - 1.145 ms
::1 - GET /api-docs/swagger-ui-bundle.js HTTP/1.1 304 - - 1.148 ms
::1 - GET /api-docs/swagger-ui-init.js HTTP/1.1 304 - - 0.320 ms
::1 - GET /api-docs/swagger-ui-standalone-preset.js HTTP/1.1 304 - - 1.406 ms
::1 - GET /api-docs/favicon-32x32.png HTTP/1.1 304 - - 0.525 ms
::1 - GET /api-docs/ HTTP/1.1 304 - - 3.835 ms
::1 - POST /nas-disconnect-request/ HTTP/1.1 - - - - ms
::1 - GET /api-docs/swagger-ui.css HTTP/1.1 304 - - 2.335 ms
::1 - GET /api-docs/swagger-ui-bundle.js HTTP/1.1 304 - - 2.242 ms
::1 - GET /api-docs/swagger-ui-standalone-preset.js HTTP/1.1 304 - - 1.390 ms
::1 - GET /api-docs/swagger-ui-init.js HTTP/1.1 304 - - 0.447 ms
::1 - GET /api-docs/favicon-32x32.png HTTP/1.1 304 - - 0.520 ms
::1 - GET /api-docs/ HTTP/1.1 304 - - 3.713 ms
::1 - POST /nas-disconnect-request/ HTTP/1.1 - - - - ms
::1 - GET /api-docs/swagger-ui.css HTTP/1.1 304 - - 2.270 ms
::1 - GET /api-docs/swagger-ui-bundle.js HTTP/1.1 304 - - 1.579 ms
::1 - GET /api-docs/swagger-ui-init.js HTTP/1.1 304 - - 0.484 ms
::1 - GET /api-docs/swagger-ui-standalone-preset.js HTTP/1.1 304 - - 1.942 ms
::1 - GET /api-docs/favicon-32x32.png HTTP/1.1 304 - - 0.538 ms
::1 - GET /api-docs/ HTTP/1.1 304 - - 5.413 ms
::1 - GET /api-docs/swagger-ui.css HTTP/1.1 304 - - 2.858 ms
::1 - GET /api-docs/swagger-ui-bundle.js HTTP/1.1 304 - - 2.166 ms
::1 - GET /api-docs/swagger-ui-init.js HTTP/1.1 304 - - 0.357 ms
::1 - GET /api-docs/swagger-ui-standalone-preset.js HTTP/1.1 304 - - 1.985 ms
::1 - GET /api-docs/favicon-32x32.png HTTP/1.1 304 - - 0.644 ms
::1 - POST /nas-disconnect-request/ HTTP/1.1 200 42 - 36.322 ms
::1 - GET /api-docs/ HTTP/1.1 304 - - 5.779 ms
::1 - GET /api-docs/swagger-ui.css HTTP/1.1 304 - - 3.502 ms
::1 - GET /api-docs/swagger-ui-bundle.js HTTP/1.1 304 - - 2.324 ms
::1 - GET /api-docs/swagger-ui-init.js HTTP/1.1 304 - - 0.302 ms
::1 - GET /api-docs/swagger-ui-standalone-preset.js HTTP/1.1 304 - - 1.713 ms
::1 - GET /api-docs/favicon-32x32.png HTTP/1.1 304 - - 0.786 ms
::ffff:127.0.0.1 - POST /nas-disconnect-request/ HTTP/1.1 500 21 - 61.182 ms
::1 - GET /api-docs/ HTTP/1.1 304 - - 5.265 ms
::1 - GET /api-docs/swagger-ui.css HTTP/1.1 304 - - 2.701 ms
::1 - GET /api-docs/swagger-ui-bundle.js HTTP/1.1 304 - - 2.176 ms
::1 - GET /api-docs/swagger-ui-init.js HTTP/1.1 200 17967 - 0.580 ms
::1 - GET /api-docs/swagger-ui-standalone-preset.js HTTP/1.1 304 - - 2.803 ms
::1 - GET /api-docs/favicon-32x32.png HTTP/1.1 304 - - 0.474 ms
::1 - GET /disable-user/matinje HTTP/1.1 500 1210 - 3.259 ms
::1 - GET /disable-user/matinje HTTP/1.1 200 49 - 27.604 ms
::1 - GET /disable-user/matinje HTTP/1.1 304 - - 4.035 ms
::1 - GET /api-docs/ HTTP/1.1 304 - - 5.523 ms
::1 - GET /api-docs/swagger-ui.css HTTP/1.1 304 - - 2.680 ms
::1 - GET /api-docs/swagger-ui-bundle.js HTTP/1.1 304 - - 1.781 ms
::1 - GET /api-docs/swagger-ui-init.js HTTP/1.1 304 - - 0.353 ms
::1 - GET /api-docs/swagger-ui-standalone-preset.js HTTP/1.1 304 - - 1.879 ms
::1 - GET /api-docs/favicon-32x32.png HTTP/1.1 304 - - 0.555 ms
::1 - GET /disable-user/matinje HTTP/1.1 304 - - 31.193 ms
::1 - GET /api-docs/ HTTP/1.1 304 - - 5.176 ms
::1 - GET /api-docs/swagger-ui.css HTTP/1.1 304 - - 2.858 ms
::1 - GET /api-docs/swagger-ui-bundle.js HTTP/1.1 304 - - 2.062 ms
::1 - GET /api-docs/swagger-ui-standalone-preset.js HTTP/1.1 304 - - 0.879 ms
::1 - GET /api-docs/swagger-ui-init.js HTTP/1.1 304 - - 0.445 ms
::1 - GET /api-docs/favicon-32x32.png HTTP/1.1 304 - - 0.472 ms
::1 - GET /disable-user/matinje HTTP/1.1 200 48 - 25.871 ms
::1 - GET /api-docs/ HTTP/1.1 304 - - 6.055 ms
::1 - GET /api-docs/swagger-ui.css HTTP/1.1 304 - - 2.763 ms
::1 - GET /api-docs/swagger-ui-bundle.js HTTP/1.1 304 - - 2.036 ms
::1 - GET /api-docs/swagger-ui-init.js HTTP/1.1 304 - - 0.344 ms
::1 - GET /api-docs/swagger-ui-standalone-preset.js HTTP/1.1 304 - - 1.896 ms
::1 - GET /api-docs/favicon-32x32.png HTTP/1.1 304 - - 0.606 ms
::1 - GET /disable-user/matinje HTTP/1.1 200 36 - 25.201 ms
::1 - GET /api-docs/ HTTP/1.1 304 - - 7.507 ms
::1 - GET /api-docs/swagger-ui.css HTTP/1.1 304 - - 3.265 ms
::1 - GET /api-docs/swagger-ui-bundle.js HTTP/1.1 304 - - 2.718 ms
::1 - GET /api-docs/swagger-ui-init.js HTTP/1.1 304 - - 0.548 ms
::1 - GET /api-docs/swagger-ui-standalone-preset.js HTTP/1.1 304 - - 2.416 ms
::1 - GET /api-docs/favicon-32x32.png HTTP/1.1 304 - - 0.611 ms
::1 - GET /api-docs/ HTTP/1.1 304 - - 1.005 ms
::1 - GET /api-docs/swagger-ui-init.js HTTP/1.1 304 - - 0.421 ms
::1 - GET /api-docs/swagger-ui.css HTTP/1.1 304 - - 3.583 ms
::1 - GET /api-docs/swagger-ui-bundle.js HTTP/1.1 304 - - 3.520 ms
::1 - GET /api-docs/swagger-ui-standalone-preset.js HTTP/1.1 304 - - 3.872 ms
::1 - GET /api-docs/favicon-32x32.png HTTP/1.1 304 - - 0.515 ms
::1 - GET /disable-user/matinje HTTP/1.1 304 - - 25.112 ms
::1 - GET /disable-user/matinje HTTP/1.1 200 48 - 3.518 ms
::1 - GET /api-docs/ HTTP/1.1 304 - - 6.107 ms
::1 - GET /api-docs/swagger-ui.css HTTP/1.1 304 - - 2.933 ms
::1 - GET /api-docs/swagger-ui-bundle.js HTTP/1.1 304 - - 1.330 ms
::1 - GET /api-docs/swagger-ui-init.js HTTP/1.1 304 - - 0.525 ms
::1 - GET /api-docs/swagger-ui-standalone-preset.js HTTP/1.1 304 - - 2.237 ms
::1 - GET /api-docs/favicon-32x32.png HTTP/1.1 304 - - 0.484 ms
::1 - GET /disable-user/matinje HTTP/1.1 304 - - 25.994 ms
::1 - GET /api-docs/ HTTP/1.1 304 - - 5.415 ms
::1 - GET /api-docs/swagger-ui.css HTTP/1.1 304 - - 3.622 ms
::1 - GET /api-docs/swagger-ui-bundle.js HTTP/1.1 304 - - 2.906 ms
::1 - GET /api-docs/swagger-ui-init.js HTTP/1.1 304 - - 0.417 ms
::1 - GET /api-docs/swagger-ui-standalone-preset.js HTTP/1.1 304 - - 2.177 ms
::1 - GET /api-docs/favicon-32x32.png HTTP/1.1 304 - - 0.478 ms
::1 - GET /disable-user/matinje HTTP/1.1 304 - - 24.707 ms
::1 - GET /disable-user/matinje HTTP/1.1 304 - - 3.213 ms
::1 - GET /disable-user/matinje HTTP/1.1 304 - - 2.243 ms
::1 - GET /disable-user/matinje HTTP/1.1 304 - - 2.138 ms
::1 - GET /disable-user/matinje HTTP/1.1 304 - - 2.514 ms
::1 - GET /disable-user/matinje HTTP/1.1 304 - - 2.059 ms
::1 - GET /api-docs/ HTTP/1.1 304 - - 0.920 ms
::1 - GET /api-docs/swagger-ui.css HTTP/1.1 304 - - 0.536 ms
::1 - GET /api-docs/swagger-ui-bundle.js HTTP/1.1 304 - - 1.569 ms
::1 - GET /api-docs/swagger-ui-standalone-preset.js HTTP/1.1 304 - - 1.706 ms
::1 - GET /api-docs/swagger-ui-init.js HTTP/1.1 304 - - 0.309 ms
::1 - GET /api-docs/favicon-32x32.png HTTP/1.1 304 - - 0.499 ms
::1 - GET /disable-user/matinje HTTP/1.1 200 36 - 8.217 ms
::1 - GET /disable-user/matinje HTTP/1.1 200 48 - 2.007 ms
::1 - GET /disable-user/matinje HTTP/1.1 304 - - 2.005 ms
::1 - GET /disable-user/matinje HTTP/1.1 304 - - 1.983 ms
::1 - GET /disable-user/matinje HTTP/1.1 304 - - 2.313 ms
::1 - GET /disable-user/matinje HTTP/1.1 304 - - 2.045 ms
::1 - GET /disable-user/matinje HTTP/1.1 304 - - 25.721 ms
::1 - GET /api-docs/ HTTP/1.1 304 - - 4.974 ms
::1 - GET /api-docs/swagger-ui.css HTTP/1.1 304 - - 1.383 ms
::1 - GET /api-docs/swagger-ui-init.js HTTP/1.1 200 18729 - 0.454 ms
::1 - GET /api-docs/swagger-ui-bundle.js HTTP/1.1 304 - - 3.242 ms
::1 - GET /api-docs/swagger-ui-standalone-preset.js HTTP/1.1 304 - - 2.759 ms
::1 - GET /api-docs/favicon-32x32.png HTTP/1.1 304 - - 0.485 ms
::1 - GET /enable-user/matinje HTTP/1.1 200 47 - 25.482 ms
::1 - GET /enable-user/matinje HTTP/1.1 304 - - 3.736 ms
::1 - GET /enable-user/matinje HTTP/1.1 304 - - 2.943 ms
::1 - GET /enable-user/matinje HTTP/1.1 304 - - 3.196 ms
::1 - GET /disable-user/matinje HTTP/1.1 200 36 - 10.465 ms
::1 - GET /disable-user/matinje HTTP/1.1 200 48 - 2.165 ms
::1 - GET /user-username/matinje HTTP/1.1 200 137 - 7.832 ms
::1 - GET /api-docs/ HTTP/1.1 304 - - 10.362 ms
::1 - GET /api-docs/swagger-ui.css HTTP/1.1 200 152082 - 7.398 ms
::1 - GET /api-docs/swagger-ui-standalone-preset.js HTTP/1.1 200 230640 - 5.160 ms
::1 - GET /api-docs/swagger-ui-bundle.js HTTP/1.1 200 1398526 - 7.046 ms
::1 - GET /api-docs/swagger-ui-init.js HTTP/1.1 200 18729 - 0.307 ms
::1 - GET /api-docs/favicon-32x32.png HTTP/1.1 304 - - 0.629 ms
::1 - GET /api-docs/ HTTP/1.1 304 - - 0.772 ms
::1 - GET /api-docs/swagger-ui.css HTTP/1.1 304 - - 2.698 ms
::1 - GET /api-docs/swagger-ui-bundle.js HTTP/1.1 304 - - 2.469 ms
::1 - GET /api-docs/swagger-ui-init.js HTTP/1.1 304 - - 0.490 ms
::1 - GET /api-docs/swagger-ui-standalone-preset.js HTTP/1.1 304 - - 3.518 ms
::1 - GET /api-docs/favicon-32x32.png HTTP/1.1 304 - - 0.475 ms
::1 - GET /api-docs/ HTTP/1.1 304 - - 24.756 ms
::1 - GET /api-docs/swagger-ui-bundle.js HTTP/1.1 200 1398526 - 5.366 ms
::1 - GET /api-docs/swagger-ui.css HTTP/1.1 200 152082 - 20.251 ms
::1 - GET /api-docs/swagger-ui-init.js HTTP/1.1 200 18729 - 0.466 ms
::1 - GET /api-docs/swagger-ui-standalone-preset.js HTTP/1.1 200 230640 - 84.423 ms
::1 - GET /api-docs/favicon-32x32.png HTTP/1.1 304 - - 0.671 ms
::1 - GET /api-docs/ HTTP/1.1 304 - - 5.037 ms
::1 - GET /api-docs/swagger-ui.css HTTP/1.1 304 - - 2.791 ms
::1 - GET /api-docs/swagger-ui-bundle.js HTTP/1.1 304 - - 2.772 ms
::1 - GET /api-docs/swagger-ui-init.js HTTP/1.1 200 19726 - 0.655 ms
::1 - GET /api-docs/swagger-ui-standalone-preset.js HTTP/1.1 304 - - 2.974 ms
::1 - GET /api-docs/favicon-32x32.png HTTP/1.1 304 - - 0.701 ms
::1 - GET /api-docs/ HTTP/1.1 304 - - 5.426 ms
::1 - GET /api-docs/swagger-ui.css HTTP/1.1 304 - - 2.734 ms
::1 - GET /api-docs/swagger-ui-bundle.js HTTP/1.1 304 - - 2.444 ms
::1 - GET /api-docs/swagger-ui-init.js HTTP/1.1 304 - - 0.444 ms
::1 - GET /api-docs/swagger-ui-standalone-preset.js HTTP/1.1 304 - - 2.816 ms
::1 - GET /api-docs/favicon-32x32.png HTTP/1.1 304 - - 0.475 ms
::1 - GET /api-docs/ HTTP/1.1 304 - - 5.461 ms
::1 - GET /api-docs/swagger-ui.css HTTP/1.1 304 - - 2.901 ms
::1 - GET /api-docs/swagger-ui-bundle.js HTTP/1.1 304 - - 2.580 ms
::1 - GET /api-docs/swagger-ui-init.js HTTP/1.1 200 22070 - 0.831 ms
::1 - GET /api-docs/swagger-ui-standalone-preset.js HTTP/1.1 304 - - 3.746 ms
::1 - GET /api-docs/favicon-32x32.png HTTP/1.1 304 - - 1.110 ms
::1 - GET / HTTP/1.1 404 139 - 11.976 ms
::1 - GET /api-docs HTTP/1.1 301 183 - 1.173 ms
::1 - GET /api-docs/ HTTP/1.1 200 3106 - 1.566 ms
::1 - GET /api-docs/swagger-ui.css HTTP/1.1 200 152082 - 39.459 ms
::1 - GET /api-docs/swagger-ui-init.js HTTP/1.1 200 22070 - 0.833 ms
::1 - GET /api-docs/swagger-ui-bundle.js HTTP/1.1 200 1398526 - 2.188 ms
::1 - GET /api-docs/swagger-ui-standalone-preset.js HTTP/1.1 200 230640 - 82.250 ms
::1 - GET /api-docs/favicon-32x32.png HTTP/1.1 200 628 - 6.407 ms
::1 - OPTIONS /access_token HTTP/1.1 200 8 - 2.350 ms
::1 - OPTIONS /access_token HTTP/1.1 200 8 - 3.979 ms
::1 - GET /api-docs/ HTTP/1.1 304 - - 5.870 ms
::1 - GET /api-docs/swagger-ui.css HTTP/1.1 304 - - 1.287 ms
::1 - GET /api-docs/swagger-ui-standalone-preset.js HTTP/1.1 304 - - 1.091 ms
::1 - GET /api-docs/swagger-ui-bundle.js HTTP/1.1 304 - - 2.419 ms
::1 - GET /api-docs/swagger-ui-init.js HTTP/1.1 304 - - 1.342 ms
::1 - GET /api-docs/favicon-32x32.png HTTP/1.1 304 - - 1.103 ms
::1 - OPTIONS /access_token HTTP/1.1 200 8 - 1.774 ms
::1 - GET /api-docs/ HTTP/1.1 304 - - 5.137 ms
::1 - GET /api-docs/swagger-ui.css HTTP/1.1 304 - - 4.501 ms
::1 - GET /api-docs/swagger-ui-init.js HTTP/1.1 304 - - 0.778 ms
::1 - GET /api-docs/swagger-ui-standalone-preset.js HTTP/1.1 304 - - 5.939 ms
::1 - GET /api-docs/swagger-ui-bundle.js HTTP/1.1 304 - - 2.151 ms
::1 - GET /api-docs/favicon-32x32.png HTTP/1.1 304 - - 0.509 ms
::1 - OPTIONS /access_token HTTP/1.1 200 8 - 1.477 ms
::1 - GET /access_token HTTP/1.1 200 19 - 652.285 ms
::1 - OPTIONS /access_token HTTP/1.1 200 8 - 3.870 ms
::1 - GET /access_token HTTP/1.1 304 - - 959.619 ms
::1 - OPTIONS /access_token HTTP/1.1 200 8 - 3.785 ms
::1 - GET /access_token HTTP/1.1 200 235 - 753.441 ms
::1 - OPTIONS /access_token HTTP/1.1 200 8 - 3.766 ms
::1 - GET /access_token HTTP/1.1 200 144 - 727.860 ms
::1 - OPTIONS /access_token HTTP/1.1 200 8 - 3.780 ms
::1 - GET /access_token HTTP/1.1 200 2 - 678.039 ms
::1 - OPTIONS /access_token HTTP/1.1 200 8 - 3.962 ms
::1 - GET /access_token HTTP/1.1 200 47 - 692.892 ms
::1 - OPTIONS /access_token HTTP/1.1 200 8 - 3.884 ms
::1 - GET /access_token HTTP/1.1 200 2 - 655.480 ms
::1 - OPTIONS /access_token HTTP/1.1 200 8 - 4.186 ms
::1 - GET /access_token HTTP/1.1 304 - - 570.656 ms
::1 - OPTIONS /access_token HTTP/1.1 200 8 - 4.017 ms
::1 - GET /access_token HTTP/1.1 200 47 - 681.351 ms
::1 - OPTIONS /validation HTTP/1.1 200 4 - 0.803 ms
::1 - POST /validation HTTP/1.1 200 39 - 3.577 ms
::1 - OPTIONS /validation HTTP/1.1 200 4 - 4.231 ms
::1 - POST /validation HTTP/1.1 200 39 - 4.273 ms
::1 - OPTIONS /access_token HTTP/1.1 200 8 - 0.564 ms
::1 - GET /access_token HTTP/1.1 200 47 - 1917.025 ms
::1 - GET / HTTP/1.1 404 139 - 4.263 ms
::1 - GET /api-docs/ HTTP/1.1 304 - - 2.464 ms
::1 - GET /api-docs/swagger-ui.css HTTP/1.1 304 - - 1.657 ms
::1 - GET /api-docs/swagger-ui-bundle.js HTTP/1.1 304 - - 1.618 ms
::1 - GET /api-docs/swagger-ui-standalone-preset.js HTTP/1.1 304 - - 1.232 ms
::1 - GET /api-docs/swagger-ui-init.js HTTP/1.1 304 - - 1.059 ms
::1 - OPTIONS /validation HTTP/1.1 200 4 - 0.503 ms
::1 - POST /validation HTTP/1.1 200 39 - 1.433 ms
::1 - OPTIONS /register HTTP/1.1 200 8 - 5.495 ms
::1 - GET /register HTTP/1.1 200 99 - 6704.818 ms
::1 - GET /api-docs/ HTTP/1.1 304 - - 5.818 ms
::1 - GET /api-docs/swagger-ui.css HTTP/1.1 304 - - 8.867 ms
::1 - GET /api-docs/swagger-ui-standalone-preset.js HTTP/1.1 304 - - 2.941 ms
::1 - GET /api-docs/swagger-ui-bundle.js HTTP/1.1 304 - - 2.455 ms
::1 - GET /api-docs/swagger-ui-init.js HTTP/1.1 200 22555 - 0.485 ms
::1 - GET /api-docs/favicon-32x32.png HTTP/1.1 304 - - 0.556 ms
::1 - OPTIONS /simulate HTTP/1.1 200 8 - 1.639 ms
::1 - GET /simulate HTTP/1.1 200 130 - 2811.797 ms
::1 - POST /api-docs/confirmation HTTP/1.1 200 3106 - 210.606 ms
::1 - OPTIONS /simulate HTTP/1.1 200 8 - 0.644 ms
::1 - GET /simulate HTTP/1.1 200 130 - 1741.850 ms
::1 - OPTIONS /register HTTP/1.1 200 8 - 0.379 ms
::1 - GET /register HTTP/1.1 200 97 - 8744.953 ms
::1 - OPTIONS /simulate HTTP/1.1 200 8 - 0.438 ms
::1 - GET /simulate HTTP/1.1 200 131 - 1419.295 ms
::1 - POST /api-docs/confirmation HTTP/1.1 200 3106 - 0.928 ms
::1 - GET /validation HTTP/1.1 404 149 - 7.424 ms
::1 - GET /api-docs/ HTTP/1.1 304 - - 5.261 ms
::1 - GET /api-docs/swagger-ui.css HTTP/1.1 304 - - 8.096 ms
::1 - GET /api-docs/swagger-ui-init.js HTTP/1.1 304 - - 1.279 ms
::1 - GET /api-docs/swagger-ui-bundle.js HTTP/1.1 304 - - 2.215 ms
::1 - GET /api-docs/swagger-ui-standalone-preset.js HTTP/1.1 304 - - 1.818 ms
::1 - GET /api-docs/favicon-32x32.png HTTP/1.1 304 - - 0.627 ms
::1 - OPTIONS /register HTTP/1.1 200 8 - 1.522 ms
::1 - GET /register HTTP/1.1 200 99 - 15229.900 ms
::1 - OPTIONS /simulate HTTP/1.1 200 8 - 1.141 ms
::1 - GET /simulate HTTP/1.1 200 128 - 1524.954 ms
::1 - OPTIONS /confirmation HTTP/1.1 200 4 - 0.486 ms
::1 - POST /confirmation HTTP/1.1 200 39 - 1.579 ms
::1 - OPTIONS /validation HTTP/1.1 200 4 - 0.591 ms
::1 - POST /validation HTTP/1.1 200 39 - 1.965 ms
::1 - POST /validation HTTP/1.1 200 39 - 2.898 ms
::1 - GET / HTTP/1.1 404 139 - 6.123 ms
::1 - GET / HTTP/1.1 404 139 - 9.407 ms
::1 - GET / HTTP/1.1 404 139 - 1.661 ms
::1 - GET /api-docs HTTP/1.1 301 183 - 4.300 ms
::1 - GET /api-docs/ HTTP/1.1 200 3106 - 6.336 ms
::1 - GET /api-docs/swagger-ui.css HTTP/1.1 200 152082 - 7.101 ms
::1 - GET /api-docs/swagger-ui-init.js HTTP/1.1 200 22555 - 1.188 ms
::1 - GET /api-docs/swagger-ui-standalone-preset.js HTTP/1.1 200 230640 - 4.967 ms
::1 - GET /api-docs/swagger-ui-bundle.js HTTP/1.1 200 1398526 - 11.859 ms
::1 - GET /api-docs/favicon-32x32.png HTTP/1.1 200 628 - 1.640 ms
::1 - GET /api-docs/ HTTP/1.1 304 - - 7.222 ms
::1 - GET /api-docs/swagger-ui.css HTTP/1.1 304 - - 2.434 ms
::1 - GET /api-docs/swagger-ui-bundle.js HTTP/1.1 304 - - 1.608 ms
::1 - GET /api-docs/swagger-ui-init.js HTTP/1.1 200 22555 - 0.722 ms
::1 - GET /api-docs/swagger-ui-standalone-preset.js HTTP/1.1 304 - - 2.712 ms
::1 - GET /api-docs/ HTTP/1.1 304 - - 5.326 ms
::1 - GET /api-docs/swagger-ui.css HTTP/1.1 304 - - 1.731 ms
::1 - GET /api-docs/swagger-ui-bundle.js HTTP/1.1 304 - - 1.664 ms
::1 - GET /api-docs/swagger-ui-init.js HTTP/1.1 200 23905 - 0.694 ms
::1 - GET /api-docs/swagger-ui-standalone-preset.js HTTP/1.1 304 - - 3.620 ms
::1 - GET /api-docs/favicon-32x32.png HTTP/1.1 304 - - 0.508 ms
::1 - GET /api-docs/ HTTP/1.1 304 - - 5.625 ms
::1 - GET /api-docs/swagger-ui.css HTTP/1.1 304 - - 2.739 ms
::1 - GET /api-docs/swagger-ui-bundle.js HTTP/1.1 304 - - 2.232 ms
::1 - GET /api-docs/swagger-ui-init.js HTTP/1.1 200 23903 - 0.709 ms
::1 - GET /api-docs/swagger-ui-standalone-preset.js HTTP/1.1 304 - - 3.050 ms
::1 - GET /api-docs/favicon-32x32.png HTTP/1.1 304 - - 0.568 ms
::1 - GET /api-docs/ HTTP/1.1 304 - - 5.338 ms
::1 - GET /api-docs/swagger-ui.css HTTP/1.1 304 - - 2.018 ms
::1 - GET /api-docs/swagger-ui-bundle.js HTTP/1.1 304 - - 1.146 ms
::1 - GET /api-docs/swagger-ui-init.js HTTP/1.1 200 23903 - 0.818 ms
::1 - GET /api-docs/swagger-ui-standalone-preset.js HTTP/1.1 304 - - 3.218 ms
::1 - GET /api-docs/favicon-32x32.png HTTP/1.1 304 - - 0.569 ms
::1 - POST /confirmation HTTP/1.1 200 40 - 17.079 ms
::1 - POST /confirmation HTTP/1.1 200 40 - 4.553 ms
::1 - GET /api-docs/ HTTP/1.1 304 - - 7.373 ms
::1 - GET /api-docs/swagger-ui.css HTTP/1.1 304 - - 2.937 ms
::1 - GET /api-docs/swagger-ui-bundle.js HTTP/1.1 304 - - 1.010 ms
::1 - GET /api-docs/swagger-ui-init.js HTTP/1.1 304 - - 0.362 ms
::1 - GET /api-docs/swagger-ui-standalone-preset.js HTTP/1.1 304 - - 1.868 ms
::1 - POST /confirmation HTTP/1.1 200 40 - 232.542 ms
::1 - POST /confirmation HTTP/1.1 500 1186 - 19.749 ms
::1 - POST /confirmation HTTP/1.1 200 40 - 22.122 ms
::1 - POST /confirmation HTTP/1.1 200 40 - 19.843 ms
::1 - GET /api-docs/ HTTP/1.1 304 - - 3.446 ms
::1 - POST /confirmation HTTP/1.1 - - - - ms
::1 - GET /api-docs/swagger-ui.css HTTP/1.1 304 - - 2.887 ms
::1 - GET /api-docs/swagger-ui-standalone-preset.js HTTP/1.1 304 - - 2.682 ms
::1 - GET /api-docs/swagger-ui-init.js HTTP/1.1 304 - - 0.544 ms
::1 - GET /api-docs/swagger-ui-bundle.js HTTP/1.1 304 - - 4.114 ms
::1 - GET /api-docs/favicon-32x32.png HTTP/1.1 304 - - 0.560 ms
::1 - POST /confirmation HTTP/1.1 200 40 - 47.458 ms
::1 - POST /confirmation HTTP/1.1 200 40 - 21.306 ms
::1 - POST /confirmation HTTP/1.1 200 40 - 13.464 ms
::1 - GET /api-docs/ HTTP/1.1 304 - - 5.796 ms
::1 - GET /api-docs/swagger-ui-init.js HTTP/1.1 200 23903 - 0.753 ms
::1 - GET /api-docs/swagger-ui-bundle.js HTTP/1.1 200 1398526 - 5.939 ms
::1 - GET /api-docs/swagger-ui.css HTTP/1.1 200 152082 - 44.826 ms
::1 - GET /api-docs/swagger-ui-standalone-preset.js HTTP/1.1 200 230640 - 98.354 ms
::1 - GET /api-docs/favicon-32x32.png HTTP/1.1 200 628 - 6.836 ms
::1 - POST /stkPushCallback HTTP/1.1 200 40 - 14.452 ms
